<?xml version="1.1" encoding="UTF-8"?>
<testsuite name="com.metapack.webdriver.WebDriverTest" tests="1" failures="0" errors="0" timestamp="2014-09-02T15:05:42" hostname="mpws00145" time="14.671">
  <properties/>
  <testcase name="testWebDriver" classname="com.metapack.webdriver.WebDriverTest" time="14.671"/>
  <system-out><![CDATA[Setting the FF driver
]]></system-out>
  <system-err><![CDATA[]]></system-err>
</testsuite>
